Development Component Build (2017-11-22 13:46:11 GMT+01:00 (CET))
  Component name: p_demo_test/bl/caf/metadata
  Component vendor: nobelbiocare.com
  SC compartment: SC_DEMO_TEST
  Configuration: LocalDevelopment
  Location: localDevelopment
  Source code location: 3508452@BAR-LROMERODA
  DC root folder: C:\NWDS74_SP17(for 12)\eclipse\workspace_REP_DEMO.jdi\LocalDevelopment\SC_DEMO_TEST\nobelbiocare.com\p_demo_test\bl\caf\metadata\_comp\
  DC type: Composite Application
  Host: BAR-LROMERODA

DC Model check:
   DC is available locally
   validating dependency to build plugin "sap.com/tc/bi/bp/javaLib"
   validating dependency to used DC "nobelbiocare.com/p_demo_test/bl/caf/dictionary"
   validating dependency to used DC "nobelbiocare.com/p_demo_test/bl/caf/ear"
   validating dependency to used DC "nobelbiocare.com/p_demo_test/bl/caf/ejbmodule"
   validating dependency to used DC "nobelbiocare.com/p_demo_test/bl/caf/permissions"
   validating dependency to used DC "sap.com/caf/core/metadata"
   validating dependency to  public part "compilation" of DC "sap.com/caf/core/metadata"
   validating dependency to used DC "sap.com/tc/bl/exception/lib"
   validating dependency to  public part "api" of DC "sap.com/tc/bl/exception/lib"
   validating dependency to used DC "sap.com/tc/bl/logging/api"
   validating dependency to  public part "api" of DC "sap.com/tc/bl/logging/api"
   DC model check OK

Start build plugin:
   using build plugin: sap.com/tc/bi/bp/javaLib
   starting build plugin from : C:\NWDS74_SP17(for 12)\eclipse\workspace_REP_DEMO.jdi\LocalDevelopment\SAP_BUILDT\sap.com\tc\bi\bp\javaLib\_comp\gen\default\public\saplib\



Build Plugin 'JavaPlugin', Version 7.30 SP 17 (NW731CORE_17_REL, built on 2015-09-16 20:52:24 +0200, CL209430)
   development component:  p_demo_test/bl/caf/metadata (nobelbiocare.com)
      software component:  SC_DEMO_TEST (nobelbiocare.com)
       support component:  Default
                location:  localDevelopment
                    type:  Composite Application
           build variant:  default
         source location:  3508452@BAR-LROMERODA
         output location:  C:\NWDS74_SP17(for 12)\eclipse\workspace_REP_DEMO.jdi\LocalDevelopment\t2\AAB6285C1857674FF802D29AF94D5022\default
       generation folder:  C:\NWDS74_SP17(for 12)\eclipse\workspace_REP_DEMO.jdi\LocalDevelopment\t\AAB6285C1857674FF802D29AF94D5022
       plugin start time:  2017-11-22 13:46:11 GMT+01:00 (CET)
                 Java VM:  Java HotSpot(TM) Client VM, 20.13-b02 (1.6, Sun Microsystems Inc.)


General options:
  convert *.xlf to *.properties: yes
  include sources for debugging: yes
 


Checking path lengths for sources
Path length checks finished in 0 seconds
 
Preparing data context..
Data context preparation finished in 0.012 seconds
 
Creating Ant build file..
  Creating output file: C:\NWDS74_SP17(for 12)\eclipse\workspace_REP_DEMO.jdi\LocalDevelopment\t2\AAB6285C1857674FF802D29AF94D5022\default\logs\build.xml
  Using Java class:     com.sap.tc.buildplugin.BuildJavaLib
Target "createPublicParts" has a dependency on "compile" but no such target exists. Dependency will be ignored.
Build file creation finished in 0.025 seconds
 
Starting Ant..
  Using build file:     C:\NWDS74_SP17(for 12)\eclipse\workspace_REP_DEMO.jdi\LocalDevelopment\t2\AAB6285C1857674FF802D29AF94D5022\default\logs\build.xml
  Using build target:   build
  Using Ant version:    1.7.1
 
createPublicParts:
  [pppacker] Packing public part 'assembly'
  [pppacker] Packed   1 file  for entity MMR (Folder Tree)
  [pppacker] Packed 1 entity for public part 'assembly'
     [timer] Packing of public part 'assembly' finished in 0.048 seconds
 
  [pppacker] Packing public part 'compilation'
  [pppacker] Packed   1 file  for entity MMR (Folder Tree)
  [pppacker] Packed 1 entity for public part 'compilation'
     [timer] Packing of public part 'compilation' finished in 0.021 seconds
 
 
build:
 
Ant runtime 0.094 seconds
 
Ant build finished OK
 
Build plugin finished at 2017-11-22 13:46:11 GMT+01:00 (CET)
Total build plugin runtime: 0.226 seconds
 
Build finished OK

==== Post-Processing ====   started at 2017-11-22 13:46:11.658 CET
Comparison of previous and actual build results took: 0.016 seconds

Copy the build results 
  from: C:\NWDS74_SP17(for 12)\eclipse\workspace_REP_DEMO.jdi\LocalDevelopment\t2\AAB6285C1857674FF802D29AF94D5022\default\
  to:   C:\NWDS74_SP17(for 12)\eclipse\workspace_REP_DEMO.jdi\LocalDevelopment\SC_DEMO_TEST\nobelbiocare.com\p_demo_test\bl\caf\metadata\_comp\gen\default\

The build results of the following public parts were not copied, since they have not changed:
  assembly
  compilation