Development Component Build (2017-11-22 13:46:30 GMT+01:00 (CET))
  Component name: p_demo_test/ui/wd
  Component vendor: nobelbiocare.com
  SC compartment: SC_DEMO_TEST
  Configuration: LocalDevelopment
  Location: localDevelopment
  Source code location: 3508452@BAR-LROMERODA
  DC root folder: C:\NWDS74_SP17(for 12)\eclipse\workspace_REP_DEMO.jdi\LocalDevelopment\SC_DEMO_TEST\nobelbiocare.com\p_demo_test\ui\wd\_comp\
  DC type: Web Dynpro
  Host: BAR-LROMERODA

DC Model check:
   DC is available locally
   validating dependency to build plugin "sap.com/tc/bi/bp/webDynpro"
   validating dependency to used DC "nobelbiocare.com/p_demo_test/infra/sgc"
   validating dependency to  public part "mc" of DC "nobelbiocare.com/p_demo_test/infra/sgc"
   validating dependency to  public part "def" of DC "sap.com/bie/sca/scdl/contributors/mc"
   validating dependency to  public part "def" of DC "sap.com/bie/sca/scdl/contributors/wd"
   validating dependency to  public part "def" of DC "sap.com/bie/sca/scdl/gen"
   validating dependency to  public part "def" of DC "sap.com/bie/sca/scdl/gen/mc"
   validating dependency to  public part "def" of DC "sap.com/bie/sca/scdl/gen/xlf2prop"
   validating dependency to  public part "MM_Inf" of DC "sap.com/ide/es/config/mc/model/bi"
   validating dependency to used DC "sap.com/tc/aii/base/offline/facade"
   validating dependency to  public part "api" of DC "sap.com/tc/aii/base/offline/facade"
   validating dependency to used DC "sap.com/tc/bl/exception/lib"
   validating dependency to  public part "api" of DC "sap.com/tc/bl/exception/lib"
   validating dependency to used DC "sap.com/tc/bl/logging/api"
   validating dependency to  public part "api" of DC "sap.com/tc/bl/logging/api"
   validating dependency to used DC "sap.com/tc/cmi"
   validating dependency to  public part "default" of DC "sap.com/tc/cmi"
   validating dependency to used DC "sap.com/tc/ddic/runtime/facade"
   validating dependency to  public part "runtime" of DC "sap.com/tc/ddic/runtime/facade"
   validating dependency to  public part "MM_Inf" of DC "sap.com/tc/moin/bi/model/textverticalization"
   validating dependency to  public part "def" of DC "sap.com/tc/moin/bi/moinext"
   validating dependency to  public part "libinf" of DC "sap.com/tc/moin/bi/moinlibs"
   validating dependency to used DC "sap.com/tc/wd/api"
   validating dependency to  public part "default" of DC "sap.com/tc/wd/api"
   validating dependency to  public part "gci" of DC "sap.com/tc/wd/api"
   DC model check OK

Start build plugin:
   using build plugin: sap.com/tc/bi/bp/webDynpro
   starting build plugin from : C:\NWDS74_SP17(for 12)\eclipse\workspace_REP_DEMO.jdi\LocalDevelopment\SAP_BUILDT\sap.com\tc\bi\bp\webDynpro\_comp\gen\default\public\webDynpro\



Build Plugin 'WebdynproPlugin', Version 7.30 SP 17 (NW731CORE_17_REL, built on 2015-09-16 20:49:53 +0200, CL209430)
   development component:  p_demo_test/ui/wd (nobelbiocare.com)
      software component:  SC_DEMO_TEST (nobelbiocare.com)
       support component:  Default
                location:  localDevelopment
                    type:  Web Dynpro
           build variant:  default
         source location:  3508452@BAR-LROMERODA
         output location:  C:\NWDS74_SP17(for 12)\eclipse\workspace_REP_DEMO.jdi\LocalDevelopment\t2\D1CAA72A9EDE096B26E07595938A6A6B\default
       generation folder:  C:\NWDS74_SP17(for 12)\eclipse\workspace_REP_DEMO.jdi\LocalDevelopment\t\D1CAA72A9EDE096B26E07595938A6A6B
       plugin start time:  2017-11-22 13:46:30 GMT+01:00 (CET)
                 Java VM:  Java HotSpot(TM) Client VM, 20.13-b02 (1.6, Sun Microsystems Inc.)


General options:
  convert *.xlf to *.properties: yes
  include sources for debugging: yes
 


Source folder "META-INF" exists but is empty and will be ignored.
Source folder "mc" exists but is empty and will be ignored.
Checking path lengths for sources
Path length checks finished in 0.003 seconds
 
Preparing data context..
Data context preparation finished in 0.03 seconds
 
Creating Ant build file..
  Creating output file: C:\NWDS74_SP17(for 12)\eclipse\workspace_REP_DEMO.jdi\LocalDevelopment\t2\D1CAA72A9EDE096B26E07595938A6A6B\default\logs\build.xml
  Using macro file:     C:\NWDS74_SP17(for 12)\eclipse\workspace_REP_DEMO.jdi\LocalDevelopment\SAP_BUILDT\sap.com\tc\bi\bp\webDynpro\_comp\gen\default\public\webDynpro\macros\build.vm
  Web Dynpro project version: 1
MoinInit generator started.
Metamodels found.
Output folder found.
Build file creation finished in 0.132 seconds
 
Starting Ant..
  Using build file:     C:\NWDS74_SP17(for 12)\eclipse\workspace_REP_DEMO.jdi\LocalDevelopment\t2\D1CAA72A9EDE096B26E07595938A6A6B\default\logs\build.xml
  Using build target:   build
  Using Ant version:    1.7.1
 
compile:
      [echo] Starting dictionary generator
     [ddgen] 
     [ddgen] [Info]    Property deployment is true: Deployment information is provided!
     [ddgen] [Info]    Property sourcepath ...
     [ddgen] [Info]       C:\NWDS74_SP17(for 12)\eclipse\workspace_REP_DEMO.jdi\LocalDevelopment\SC_DEMO_TEST\nobelbiocare.com\p_demo_test\ui\wd\_comp\src\packages
     [ddgen] [Info]    Property targetpath: C:\NWDS74_SP17(for 12)\eclipse\workspace_REP_DEMO.jdi\LocalDevelopment\t\D1CAA72A9EDE096B26E07595938A6A6B\gen_ddic
     [ddgen] [Info]    Property archivename: nobelbiocare.com~p_demo_test~ui~wd
     [ddgen] [Info]    Property vendor: nobelbiocare.com
     [ddgen] [Info]    Property dcname: p_demo_test/ui/wd
     [ddgen] [Info]    Property metadatapath: C:\NWDS74_SP17(for 12)\eclipse\workspace_REP_DEMO.jdi\LocalDevelopment\t\D1CAA72A9EDE096B26E07595938A6A6B
     [ddgen] [Info]    Property generates2x is false: S2X files will not be generated
     [ddgen] [Info]    Property projectlanguage: en
     [ddgen] [Info]    Property language: Available languages are automatically determined
     [ddgen] [Info]    Property addpaths ...
     [ddgen] [Info]       core.exception.lib.api.jar - C:/NWDS74_SP17(for 12)/eclipse/workspace_REP_DEMO.jdi/LocalDevelopment/ENGFACADE/sap.com/tc/bl/exception/lib/_comp/gen/default/public/api/lib/java
     [ddgen] [Info]       tc~bl~logging~api~defaultttt.jar - C:/NWDS74_SP17(for 12)/eclipse/workspace_REP_DEMO.jdi/LocalDevelopment/ENGFACADE/sap.com/tc/bl/logging/api/_comp/gen/default/public/api/lib/java
     [ddgen] [Info]       tc~aii~base~offline~facade.jar - C:/NWDS74_SP17(for 12)/eclipse/workspace_REP_DEMO.jdi/LocalDevelopment/FRAMEWORK/sap.com/tc/aii/base/offline/facade/_comp/gen/default/public/api/lib/java
     [ddgen] [Info]       com.sap.tc.cmi.jar - C:/NWDS74_SP17(for 12)/eclipse/workspace_REP_DEMO.jdi/LocalDevelopment/FRAMEWORK/sap.com/tc/cmi/_comp/gen/default/public/default/lib/java
     [ddgen] [Info]       tc~cmi.jar - C:/NWDS74_SP17(for 12)/eclipse/workspace_REP_DEMO.jdi/LocalDevelopment/FRAMEWORK/sap.com/tc/cmi/_comp/gen/default/public/default/lib/java
     [ddgen] [Info]       SapMetamodelDictionaryContent.zip - C:/NWDS74_SP17(for 12)/eclipse/workspace_REP_DEMO.jdi/LocalDevelopment/FRAMEWORK/sap.com/tc/ddic/runtime/facade/_comp/gen/default/public/runtime/lib/java
     [ddgen] [Info]       dictionary.rtcontainer.facade.filter.jar - C:/NWDS74_SP17(for 12)/eclipse/workspace_REP_DEMO.jdi/LocalDevelopment/FRAMEWORK/sap.com/tc/ddic/runtime/facade/_comp/gen/default/public/runtime/lib/java
     [ddgen] [Info]       dictionary.runtime.facade.filter.jar - C:/NWDS74_SP17(for 12)/eclipse/workspace_REP_DEMO.jdi/LocalDevelopment/FRAMEWORK/sap.com/tc/ddic/runtime/facade/_comp/gen/default/public/runtime/lib/java
     [ddgen] [Info]       dictionary.services.facade.filter.jar - C:/NWDS74_SP17(for 12)/eclipse/workspace_REP_DEMO.jdi/LocalDevelopment/FRAMEWORK/sap.com/tc/ddic/runtime/facade/_comp/gen/default/public/runtime/lib/java
     [ddgen] [Info]       tc~ddic~runtime~facade.jar - C:/NWDS74_SP17(for 12)/eclipse/workspace_REP_DEMO.jdi/LocalDevelopment/FRAMEWORK/sap.com/tc/ddic/runtime/facade/_comp/gen/default/public/runtime/lib/java
     [ddgen] [Info]       SapMetamodelDictionaryContent.zip - C:/NWDS74_SP17(for 12)/eclipse/workspace_REP_DEMO.jdi/LocalDevelopment/SAP_BUILDT/sap.com/tc/bi/extddic/_comp/gen/default/public/def/lib/model
     [ddgen] [Info]       SapMetamodelWebdynproContent.zip - C:/NWDS74_SP17(for 12)/eclipse/workspace_REP_DEMO.jdi/LocalDevelopment/WD-RUNTIME/sap.com/tc/wd/api/_comp/gen/default/public/default/lib/java
     [ddgen] [Info]       SapMetamodelWebdynproResources.zip - C:/NWDS74_SP17(for 12)/eclipse/workspace_REP_DEMO.jdi/LocalDevelopment/WD-RUNTIME/sap.com/tc/wd/api/_comp/gen/default/public/default/lib/java
     [ddgen] [Info]       sap.com~tc~wd~api~default.jar - C:/NWDS74_SP17(for 12)/eclipse/workspace_REP_DEMO.jdi/LocalDevelopment/WD-RUNTIME/sap.com/tc/wd/api/_comp/gen/default/public/default/lib/java
     [ddgen] [Info]       sap.com~tc~wd~api~gci.jar - C:/NWDS74_SP17(for 12)/eclipse/workspace_REP_DEMO.jdi/LocalDevelopment/WD-RUNTIME/sap.com/tc/wd/api/_comp/gen/default/public/gci/lib/java
     [ddgen] [Info]    Optional property i18npath is empty
     [ddgen] [Info]    Initialize generation templates from configuration jar:file:/C:/NWDS74_SP17(for 12)/eclipse/workspace_REP_DEMO.jdi/LocalDevelopment/SAP_BUILDT/sap.com/tc/bi/extddic/_comp/gen/default/public/def/lib/java/dictionary_generation_core_api.jar!/DictionaryGenerationConfigurationCompiled.xml
     [ddgen] [Info]    Using DocumentBuilder com.sun.org.apache.xerces.internal.jaxp.DocumentBuilderImpl
     [ddgen] [Info]    Generating C:/NWDS74_SP17(for 12)/eclipse/workspace_REP_DEMO.jdi/LocalDevelopment/t/D1CAA72A9EDE096B26E07595938A6A6B/S2XFileList.txt
     [ddgen] [Info]    Generating C:/NWDS74_SP17(for 12)/eclipse/workspace_REP_DEMO.jdi/LocalDevelopment/t/D1CAA72A9EDE096B26E07595938A6A6B/PublicPartFileList.xml
     [ddgen] [Info]    Dictionary generation finished (1 seconds)
     [ddgen] 
     [mkdir] Created dir: C:\NWDS74_SP17(for 12)\eclipse\workspace_REP_DEMO.jdi\LocalDevelopment\t\D1CAA72A9EDE096B26E07595938A6A6B\gen_ddic\datatypes
     [mkdir] Created dir: C:\NWDS74_SP17(for 12)\eclipse\workspace_REP_DEMO.jdi\LocalDevelopment\t\D1CAA72A9EDE096B26E07595938A6A6B\gen_ddic\dbtables
     [timer] Dictionary generator finished in 1.445 seconds
 
      [echo] Starting common model generator
     [cmgen] 
     [cmgen] [Info]    Property deployment is true: Deployment information is provided!
     [cmgen] [Info]    Property sourcepath ...
     [cmgen] [Info]       C:\NWDS74_SP17(for 12)\eclipse\workspace_REP_DEMO.jdi\LocalDevelopment\SC_DEMO_TEST\nobelbiocare.com\p_demo_test\ui\wd\_comp\src\packages
     [cmgen] [Info]    Property targetpath: C:\NWDS74_SP17(for 12)\eclipse\workspace_REP_DEMO.jdi\LocalDevelopment\t\D1CAA72A9EDE096B26E07595938A6A6B\gen_cmi
     [cmgen] [Info]    Property archivename: nobelbiocare.com~p_demo_test~ui~wd
     [cmgen] [Info]    Property vendor: nobelbiocare.com
     [cmgen] [Info]    Property dcname: p_demo_test/ui/wd
     [cmgen] [Info]    Property metadatapath: C:\NWDS74_SP17(for 12)\eclipse\workspace_REP_DEMO.jdi\LocalDevelopment\t\D1CAA72A9EDE096B26E07595938A6A6B
     [cmgen] [Info]    Property generates2x is false: S2X files will not be generated
     [cmgen] [Info]    Property projectlanguage: en
     [cmgen] [Info]    Property language: Available languages are automatically determined
     [cmgen] [Info]    Property addpaths ...
     [cmgen] [Info]       core.exception.lib.api.jar - C:/NWDS74_SP17(for 12)/eclipse/workspace_REP_DEMO.jdi/LocalDevelopment/ENGFACADE/sap.com/tc/bl/exception/lib/_comp/gen/default/public/api/lib/java
     [cmgen] [Info]       tc~bl~logging~api~defaultttt.jar - C:/NWDS74_SP17(for 12)/eclipse/workspace_REP_DEMO.jdi/LocalDevelopment/ENGFACADE/sap.com/tc/bl/logging/api/_comp/gen/default/public/api/lib/java
     [cmgen] [Info]       tc~aii~base~offline~facade.jar - C:/NWDS74_SP17(for 12)/eclipse/workspace_REP_DEMO.jdi/LocalDevelopment/FRAMEWORK/sap.com/tc/aii/base/offline/facade/_comp/gen/default/public/api/lib/java
     [cmgen] [Info]       com.sap.tc.cmi.jar - C:/NWDS74_SP17(for 12)/eclipse/workspace_REP_DEMO.jdi/LocalDevelopment/FRAMEWORK/sap.com/tc/cmi/_comp/gen/default/public/default/lib/java
     [cmgen] [Info]       tc~cmi.jar - C:/NWDS74_SP17(for 12)/eclipse/workspace_REP_DEMO.jdi/LocalDevelopment/FRAMEWORK/sap.com/tc/cmi/_comp/gen/default/public/default/lib/java
     [cmgen] [Info]       SapMetamodelDictionaryContent.zip - C:/NWDS74_SP17(for 12)/eclipse/workspace_REP_DEMO.jdi/LocalDevelopment/FRAMEWORK/sap.com/tc/ddic/runtime/facade/_comp/gen/default/public/runtime/lib/java
     [cmgen] [Info]       dictionary.rtcontainer.facade.filter.jar - C:/NWDS74_SP17(for 12)/eclipse/workspace_REP_DEMO.jdi/LocalDevelopment/FRAMEWORK/sap.com/tc/ddic/runtime/facade/_comp/gen/default/public/runtime/lib/java
     [cmgen] [Info]       dictionary.runtime.facade.filter.jar - C:/NWDS74_SP17(for 12)/eclipse/workspace_REP_DEMO.jdi/LocalDevelopment/FRAMEWORK/sap.com/tc/ddic/runtime/facade/_comp/gen/default/public/runtime/lib/java
     [cmgen] [Info]       dictionary.services.facade.filter.jar - C:/NWDS74_SP17(for 12)/eclipse/workspace_REP_DEMO.jdi/LocalDevelopment/FRAMEWORK/sap.com/tc/ddic/runtime/facade/_comp/gen/default/public/runtime/lib/java
     [cmgen] [Info]       tc~ddic~runtime~facade.jar - C:/NWDS74_SP17(for 12)/eclipse/workspace_REP_DEMO.jdi/LocalDevelopment/FRAMEWORK/sap.com/tc/ddic/runtime/facade/_comp/gen/default/public/runtime/lib/java
     [cmgen] [Info]       SapMetamodelDictionaryContent.zip - C:/NWDS74_SP17(for 12)/eclipse/workspace_REP_DEMO.jdi/LocalDevelopment/SAP_BUILDT/sap.com/tc/bi/extddic/_comp/gen/default/public/def/lib/model
     [cmgen] [Info]       SapMetamodelWebdynproContent.zip - C:/NWDS74_SP17(for 12)/eclipse/workspace_REP_DEMO.jdi/LocalDevelopment/WD-RUNTIME/sap.com/tc/wd/api/_comp/gen/default/public/default/lib/java
     [cmgen] [Info]       SapMetamodelWebdynproResources.zip - C:/NWDS74_SP17(for 12)/eclipse/workspace_REP_DEMO.jdi/LocalDevelopment/WD-RUNTIME/sap.com/tc/wd/api/_comp/gen/default/public/default/lib/java
     [cmgen] [Info]       sap.com~tc~wd~api~default.jar - C:/NWDS74_SP17(for 12)/eclipse/workspace_REP_DEMO.jdi/LocalDevelopment/WD-RUNTIME/sap.com/tc/wd/api/_comp/gen/default/public/default/lib/java
     [cmgen] [Info]       sap.com~tc~wd~api~gci.jar - C:/NWDS74_SP17(for 12)/eclipse/workspace_REP_DEMO.jdi/LocalDevelopment/WD-RUNTIME/sap.com/tc/wd/api/_comp/gen/default/public/gci/lib/java
     [cmgen] [Info]    Optional property i18npath is empty
     [cmgen] [Info]    Initialize generation templates from configuration jar:file:/C:/NWDS74_SP17(for 12)/eclipse/workspace_REP_DEMO.jdi/LocalDevelopment/SAP_BUILDT/sap.com/tc/bi/extcm/_comp/gen/default/public/def/lib/java/common_model_generation_core_api.jar!/CommonModelGenerationConfigurationCompiled.xml
     [cmgen] [Info]    Using DocumentBuilder com.sun.org.apache.xerces.internal.jaxp.DocumentBuilderImpl
     [cmgen] [Info]    Generating C:/NWDS74_SP17(for 12)/eclipse/workspace_REP_DEMO.jdi/LocalDevelopment/t/D1CAA72A9EDE096B26E07595938A6A6B/S2XFileList.txt
     [cmgen] [Info]    Generating C:/NWDS74_SP17(for 12)/eclipse/workspace_REP_DEMO.jdi/LocalDevelopment/t/D1CAA72A9EDE096B26E07595938A6A6B/PublicPartFileList.xml
     [cmgen] [Info]    Common model generation finished (0 seconds)
     [cmgen] 
     [mkdir] Created dir: C:\NWDS74_SP17(for 12)\eclipse\workspace_REP_DEMO.jdi\LocalDevelopment\t\D1CAA72A9EDE096B26E07595938A6A6B\gen_cmi\packages
     [timer] Common model generator finished in 0.876 seconds
 
      [echo] Starting WebDynpro generator
     [wdgen] 
     [wdgen] [Info]    Property deployment is true: Deployment information is provided!
     [wdgen] [Info]    Property sourcepath ...
     [wdgen] [Info]       C:\NWDS74_SP17(for 12)\eclipse\workspace_REP_DEMO.jdi\LocalDevelopment\SC_DEMO_TEST\nobelbiocare.com\p_demo_test\ui\wd\_comp\src\packages
     [wdgen] [Info]    Property targetpath: C:\NWDS74_SP17(for 12)\eclipse\workspace_REP_DEMO.jdi\LocalDevelopment\t\D1CAA72A9EDE096B26E07595938A6A6B\gen_wdp
     [wdgen] [Info]    Property archivename: nobelbiocare.com~p_demo_test~ui~wd
     [wdgen] [Info]    Property vendor: nobelbiocare.com
     [wdgen] [Info]    Property dcname: p_demo_test/ui/wd
     [wdgen] [Info]    Property metadatapath: C:\NWDS74_SP17(for 12)\eclipse\workspace_REP_DEMO.jdi\LocalDevelopment\t\D1CAA72A9EDE096B26E07595938A6A6B
     [wdgen] [Info]    Property generates2x is false: S2X files will not be generated
     [wdgen] [Info]    Property projectlanguage: en
     [wdgen] [Info]    Property language: Available languages are automatically determined!
     [wdgen] [Info]    Property addpaths ...
     [wdgen] [Info]       core.exception.lib.api.jar - C:/NWDS74_SP17(for 12)/eclipse/workspace_REP_DEMO.jdi/LocalDevelopment/ENGFACADE/sap.com/tc/bl/exception/lib/_comp/gen/default/public/api/lib/java
     [wdgen] [Info]       tc~bl~logging~api~defaultttt.jar - C:/NWDS74_SP17(for 12)/eclipse/workspace_REP_DEMO.jdi/LocalDevelopment/ENGFACADE/sap.com/tc/bl/logging/api/_comp/gen/default/public/api/lib/java
     [wdgen] [Info]       tc~aii~base~offline~facade.jar - C:/NWDS74_SP17(for 12)/eclipse/workspace_REP_DEMO.jdi/LocalDevelopment/FRAMEWORK/sap.com/tc/aii/base/offline/facade/_comp/gen/default/public/api/lib/java
     [wdgen] [Info]       com.sap.tc.cmi.jar - C:/NWDS74_SP17(for 12)/eclipse/workspace_REP_DEMO.jdi/LocalDevelopment/FRAMEWORK/sap.com/tc/cmi/_comp/gen/default/public/default/lib/java
     [wdgen] [Info]       tc~cmi.jar - C:/NWDS74_SP17(for 12)/eclipse/workspace_REP_DEMO.jdi/LocalDevelopment/FRAMEWORK/sap.com/tc/cmi/_comp/gen/default/public/default/lib/java
     [wdgen] [Info]       SapMetamodelDictionaryContent.zip - C:/NWDS74_SP17(for 12)/eclipse/workspace_REP_DEMO.jdi/LocalDevelopment/FRAMEWORK/sap.com/tc/ddic/runtime/facade/_comp/gen/default/public/runtime/lib/java
     [wdgen] [Info]       dictionary.rtcontainer.facade.filter.jar - C:/NWDS74_SP17(for 12)/eclipse/workspace_REP_DEMO.jdi/LocalDevelopment/FRAMEWORK/sap.com/tc/ddic/runtime/facade/_comp/gen/default/public/runtime/lib/java
     [wdgen] [Info]       dictionary.runtime.facade.filter.jar - C:/NWDS74_SP17(for 12)/eclipse/workspace_REP_DEMO.jdi/LocalDevelopment/FRAMEWORK/sap.com/tc/ddic/runtime/facade/_comp/gen/default/public/runtime/lib/java
     [wdgen] [Info]       dictionary.services.facade.filter.jar - C:/NWDS74_SP17(for 12)/eclipse/workspace_REP_DEMO.jdi/LocalDevelopment/FRAMEWORK/sap.com/tc/ddic/runtime/facade/_comp/gen/default/public/runtime/lib/java
     [wdgen] [Info]       tc~ddic~runtime~facade.jar - C:/NWDS74_SP17(for 12)/eclipse/workspace_REP_DEMO.jdi/LocalDevelopment/FRAMEWORK/sap.com/tc/ddic/runtime/facade/_comp/gen/default/public/runtime/lib/java
     [wdgen] [Info]       SapMetamodelDictionaryContent.zip - C:/NWDS74_SP17(for 12)/eclipse/workspace_REP_DEMO.jdi/LocalDevelopment/SAP_BUILDT/sap.com/tc/bi/extddic/_comp/gen/default/public/def/lib/model
     [wdgen] [Info]       SapMetamodelWebdynproContent.zip - C:/NWDS74_SP17(for 12)/eclipse/workspace_REP_DEMO.jdi/LocalDevelopment/WD-RUNTIME/sap.com/tc/wd/api/_comp/gen/default/public/default/lib/java
     [wdgen] [Info]       SapMetamodelWebdynproResources.zip - C:/NWDS74_SP17(for 12)/eclipse/workspace_REP_DEMO.jdi/LocalDevelopment/WD-RUNTIME/sap.com/tc/wd/api/_comp/gen/default/public/default/lib/java
     [wdgen] [Info]       sap.com~tc~wd~api~default.jar - C:/NWDS74_SP17(for 12)/eclipse/workspace_REP_DEMO.jdi/LocalDevelopment/WD-RUNTIME/sap.com/tc/wd/api/_comp/gen/default/public/default/lib/java
     [wdgen] [Info]       sap.com~tc~wd~api~gci.jar - C:/NWDS74_SP17(for 12)/eclipse/workspace_REP_DEMO.jdi/LocalDevelopment/WD-RUNTIME/sap.com/tc/wd/api/_comp/gen/default/public/gci/lib/java
     [wdgen] [Info]    Optional property i18npath is empty
     [wdgen] [Info]    Initialize generation templates from configuration jar:file:/C:/NWDS74_SP17(for 12)/eclipse/workspace_REP_DEMO.jdi/LocalDevelopment/SAP_BUILDT/sap.com/tc/bi/extwd/_comp/gen/default/public/def/lib/java/webdynpro_generation_core_api.jar!/WebDynproGenerationConfigurationCompiled.xml
     [wdgen] [Info]    Using DocumentBuilder com.sun.org.apache.xerces.internal.jaxp.DocumentBuilderImpl
     [wdgen] [Info]    Generation of all components: 18 ms
     [wdgen] [Info]    Generation of all component interface definitions: 1 ms
     [wdgen] [Info]    Generating C:/NWDS74_SP17(for 12)/eclipse/workspace_REP_DEMO.jdi/LocalDevelopment/t/D1CAA72A9EDE096B26E07595938A6A6B/S2XFileList.txt
     [wdgen] [Info]    projectVersion = 1
     [wdgen] [Info]    Generating webdynpro.xml
     [wdgen] [Info]    Generating wd.xml
     [wdgen] [Info]    Generating application.xml
     [wdgen] [Info]    Generating application-j2ee-engine.xml
     [wdgen] [Info]    Generating C:/NWDS74_SP17(for 12)/eclipse/workspace_REP_DEMO.jdi/LocalDevelopment/t/D1CAA72A9EDE096B26E07595938A6A6B/PublicPartFileList.xml
     [wdgen] [Info]    WebDynpro generation finished (0 seconds)
     [wdgen] 
     [mkdir] Created dir: C:\NWDS74_SP17(for 12)\eclipse\workspace_REP_DEMO.jdi\LocalDevelopment\t\D1CAA72A9EDE096B26E07595938A6A6B\gen_wdp\packages
     [timer] WebDynpro generator finished in 0.542 seconds
 
      [echo] Starting Java compiler using the current JVM
      [echo] Settings:
      [echo]         debug: on
      [echo]      optimize: off
      [echo]   deprecation: default
      [echo]       verbose: default
      [echo]      encoding: UTF-8
      [echo]        source: default
      [echo]        target: default
      [echo]  source paths: 
      [echo]       C:\NWDS74_SP17(for 12)\eclipse\workspace_REP_DEMO.jdi\LocalDevelopment\SC_DEMO_TEST\nobelbiocare.com\p_demo_test\ui\wd\_comp\src\packages
      [echo]       C:\NWDS74_SP17(for 12)\eclipse\workspace_REP_DEMO.jdi\LocalDevelopment\t\D1CAA72A9EDE096B26E07595938A6A6B\gen_ddic/datatypes
      [echo]       C:\NWDS74_SP17(for 12)\eclipse\workspace_REP_DEMO.jdi\LocalDevelopment\t\D1CAA72A9EDE096B26E07595938A6A6B\gen_cmi/packages
      [echo]       C:\NWDS74_SP17(for 12)\eclipse\workspace_REP_DEMO.jdi\LocalDevelopment\t\D1CAA72A9EDE096B26E07595938A6A6B\gen_wdp/packages
      [echo]    class path:
      [echo]       C:\NWDS74_SP17(for 12)\eclipse\workspace_REP_DEMO.jdi\LocalDevelopment\FRAMEWORK\sap.com\tc\aii\base\offline\facade\_comp\gen\default\public\api\lib\java\tc~aii~base~offline~facade.jar
      [echo]       C:\NWDS74_SP17(for 12)\eclipse\workspace_REP_DEMO.jdi\LocalDevelopment\FRAMEWORK\sap.com\tc\ddic\runtime\facade\_comp\gen\default\public\runtime\lib\java\dictionary.rtcontainer.facade.filter.jar
      [echo]       C:\NWDS74_SP17(for 12)\eclipse\workspace_REP_DEMO.jdi\LocalDevelopment\FRAMEWORK\sap.com\tc\ddic\runtime\facade\_comp\gen\default\public\runtime\lib\java\dictionary.runtime.facade.filter.jar
      [echo]       C:\NWDS74_SP17(for 12)\eclipse\workspace_REP_DEMO.jdi\LocalDevelopment\FRAMEWORK\sap.com\tc\ddic\runtime\facade\_comp\gen\default\public\runtime\lib\java\dictionary.services.facade.filter.jar
      [echo]       C:\NWDS74_SP17(for 12)\eclipse\workspace_REP_DEMO.jdi\LocalDevelopment\FRAMEWORK\sap.com\tc\ddic\runtime\facade\_comp\gen\default\public\runtime\lib\java\tc~ddic~runtime~facade.jar
      [echo]       C:\NWDS74_SP17(for 12)\eclipse\workspace_REP_DEMO.jdi\LocalDevelopment\FRAMEWORK\sap.com\tc\ddic\runtime\facade\_comp\gen\default\public\runtime\lib\java\SapMetamodelDictionaryContent.zip
      [echo]       C:\NWDS74_SP17(for 12)\eclipse\workspace_REP_DEMO.jdi\LocalDevelopment\ENGFACADE\sap.com\tc\bl\logging\api\_comp\gen\default\public\api\lib\java\tc~bl~logging~api~defaultttt.jar
      [echo]       C:\NWDS74_SP17(for 12)\eclipse\workspace_REP_DEMO.jdi\LocalDevelopment\WD-RUNTIME\sap.com\tc\wd\api\_comp\gen\default\public\gci\lib\java\sap.com~tc~wd~api~gci.jar
      [echo]       C:\NWDS74_SP17(for 12)\eclipse\workspace_REP_DEMO.jdi\LocalDevelopment\FRAMEWORK\sap.com\tc\cmi\_comp\gen\default\public\default\lib\java\com.sap.tc.cmi.jar
      [echo]       C:\NWDS74_SP17(for 12)\eclipse\workspace_REP_DEMO.jdi\LocalDevelopment\FRAMEWORK\sap.com\tc\cmi\_comp\gen\default\public\default\lib\java\tc~cmi.jar
      [echo]       C:\NWDS74_SP17(for 12)\eclipse\workspace_REP_DEMO.jdi\LocalDevelopment\ENGFACADE\sap.com\tc\bl\exception\lib\_comp\gen\default\public\api\lib\java\core.exception.lib.api.jar
      [echo]       C:\NWDS74_SP17(for 12)\eclipse\workspace_REP_DEMO.jdi\LocalDevelopment\WD-RUNTIME\sap.com\tc\wd\api\_comp\gen\default\public\default\lib\java\sap.com~tc~wd~api~default.jar
      [echo]       C:\NWDS74_SP17(for 12)\eclipse\workspace_REP_DEMO.jdi\LocalDevelopment\WD-RUNTIME\sap.com\tc\wd\api\_comp\gen\default\public\default\lib\java\SapMetamodelWebdynproContent.zip
      [echo]       C:\NWDS74_SP17(for 12)\eclipse\workspace_REP_DEMO.jdi\LocalDevelopment\WD-RUNTIME\sap.com\tc\wd\api\_comp\gen\default\public\default\lib\java\SapMetamodelWebdynproResources.zip
      [echo]    output dir: C:\NWDS74_SP17(for 12)\eclipse\workspace_REP_DEMO.jdi\LocalDevelopment\t\D1CAA72A9EDE096B26E07595938A6A6B\classes
     [timer] Java compilation finished in 0.005 seconds
 
      [echo] Start XLF conversion
  [xlf2prop] Found 0 XLF files to convert in folder "src\packages"
  [xlf2prop] Found 0 XLF files to convert in folder "C:\NWDS74_SP17(for 12)\eclipse\workspace_REP_DEMO.jdi\LocalDevelopment\t\D1CAA72A9EDE096B26E07595938A6A6B\gen_ddic\datatypes"
  [xlf2prop] Found 0 XLF files to convert in folder "C:\NWDS74_SP17(for 12)\eclipse\workspace_REP_DEMO.jdi\LocalDevelopment\t\D1CAA72A9EDE096B26E07595938A6A6B\gen_cmi\packages"
  [xlf2prop] Found 0 XLF files to convert in folder "C:\NWDS74_SP17(for 12)\eclipse\workspace_REP_DEMO.jdi\LocalDevelopment\t\D1CAA72A9EDE096B26E07595938A6A6B\gen_wdp\packages"
     [timer] XLF conversion finished in 0.002 seconds
 
      [echo] Starting WebDynpro class minimizer (mode 'auto')
     [wdmin] mode is 'no', skip minimizer
     [timer] WebDynpro class minimizer finished in 0.002 seconds
 
 
Xlf2PropBase:
      [echo] Start XLF conversion
  [xlf2prop] Found 0 XLF files to convert in folder "mc"
     [timer] XLF conversion finished in 0 seconds
 
 
ScdlBase:
  [MOINInit] Meta models found.
  [MOINInit] Referenced meta-model: C:\NWDS74_SP17(for 12)\eclipse\workspace_REP_DEMO.jdi\LocalDevelopment\ESCONF_BUILDT\sap.com\ide\es\config\mc\model\bi\_comp\gen\default\public\MM_Inf\lib\moin\sap.com~ide~es~config~mc~model_xmi.zip
  [MOINInit] Referenced meta-model: C:\NWDS74_SP17(for 12)\eclipse\workspace_REP_DEMO.jdi\LocalDevelopment\MOIN_BUILDT\sap.com\tc\moin\bi\model\textverticalization\_comp\gen\default\public\MM_Inf\lib\moin\sap.com~tc~moin~model~textverticalization_xmi.zip
  [MOINInit] DataArea name: DefaultDataArea
  [MOINInit] Moin initialized in 156 milliseconds.
      [echo] Registering folder: gensrc/extcfg for path: C:\NWDS74_SP17(for 12)\eclipse\workspace_REP_DEMO.jdi\LocalDevelopment\t\D1CAA72A9EDE096B26E07595938A6A6B\gensrc\extcfg/
      [echo] Starting Extension Configuration generator...
  [gen_scdl] 		[SCDL_GEN] Initializing Scdl Generation...
  [gen_scdl] 		[SCDL_GEN] Initialization successfully completed.
  [gen_scdl] 		[SCDL_GEN] Starting retrieval of information from contributors...
  [gen_scdl] 		[SCDL_GEN] Information retrieval from contributors successfully completed!
  [gen_scdl] 		[SCDL_GEN] Starting composite export to SCDL...
  [gen_scdl] 			[SCDL-EXPORT] Scdl file output location: C:\NWDS74_SP17(for 12)\eclipse\workspace_REP_DEMO.jdi\LocalDevelopment\t\D1CAA72A9EDE096B26E07595938A6A6B/scdl_output\META-INF\p_demo_test~ui~wd.composite
  [gen_scdl] 			[SCDL-EXPORT] sca contribution XML output location: C:\NWDS74_SP17(for 12)\eclipse\workspace_REP_DEMO.jdi\LocalDevelopment\t\D1CAA72A9EDE096B26E07595938A6A6B/scdl_output\META-INF\sca-contribution.xml
  [gen_scdl] 		[SCDL_GEN] Conversion successfully completed!
     [timer] Extension Configuration generator finished in 0.13 seconds
 
[MOINShutdown] About to shutdown MOIN...
[MOINShutdown] MOIN shut down in 50 milliseconds.
 
createWDA:
  [pppacker] Packed   0 files for entity  (Java Package Tree/Class)
     [timer] WebDynpro Application Jar packaging finished in 0.091 seconds
 
  [pppacker] Packed   2 files for entity WebDynpro Archive (WebDynpro Archive/Archive)
     [timer] WebDynpro Application packaging finished in 0.095 seconds
 
 
createDeployArchive:
      [echo] Create deploy file nobelbiocare.com~p_demo_test~ui~wd
     [mkdir] Created dir: C:\NWDS74_SP17(for 12)\eclipse\workspace_REP_DEMO.jdi\LocalDevelopment\t2\D1CAA72A9EDE096B26E07595938A6A6B\default\deploy
       [cda] Preparing archive for deploy unit "default"
       [cda]   deployment type: "J2EE"
       [cda]   assembly roots: 
       [cda]     C:\NWDS74_SP17(for 12)\eclipse\workspace_REP_DEMO.jdi\LocalDevelopment\t\D1CAA72A9EDE096B26E07595938A6A6B\wda-pp
       [cda]     C:\NWDS74_SP17(for 12)\eclipse\workspace_REP_DEMO.jdi\LocalDevelopment\t\D1CAA72A9EDE096B26E07595938A6A6B\wda-pp
       [cda]   deploy options:
       [cda]     update-descriptors = true
 
       [cda] Creating Ant build file: C:\NWDS74_SP17(for 12)\eclipse\workspace_REP_DEMO.jdi\LocalDevelopment\t2\D1CAA72A9EDE096B26E07595938A6A6B\default\logs\buildDeployArchive.xml
 
 
       [cda] Validating descriptor C:\NWDS74_SP17(for 12)\eclipse\workspace_REP_DEMO.jdi\LocalDevelopment\t\D1CAA72A9EDE096B26E07595938A6A6B\gen_wdp\application.xml
       [cda] Display name "p_demo_test~ui~wd" in application.xml does not match DC name "p_demo_test/ui/wd".
 
       [cda] Validating descriptor C:\NWDS74_SP17(for 12)\eclipse\workspace_REP_DEMO.jdi\LocalDevelopment\t\D1CAA72A9EDE096B26E07595938A6A6B\gen_wdp\application-j2ee-engine.xml
 
       [cda] Collecting modules ...
       [cda] Adding module 'nobelbiocare.com~p_demo_test~ui~wd.war' from current development component
       [cda] Ant build file creation finished in 0.179 seconds
 
packDeployArchive:
      [copy] Copied 1 empty directory to 1 empty directory under C:\NWDS74_SP17(for 12)\eclipse\workspace_REP_DEMO.jdi\LocalDevelopment\t\D1CAA72A9EDE096B26E07595938A6A6B\sda\META-INF\sca-resources
 [srcpacker] Creating source archive
 [srcpacker] No sources available for packing, no archive will be created.
     [timer] Source archive creation finished in 0.052 seconds
 
    [jarsap] Info: JarSAP version 20090803.1000
    [jarsap] Info: JarSAPProcessing version 20090907.1000 / JarSL version 20100616.1800
    [jarsap] Building: C:\NWDS74_SP17(for 12)\eclipse\workspace_REP_DEMO.jdi\LocalDevelopment\t2\D1CAA72A9EDE096B26E07595938A6A6B\default\deploy\nobelbiocare.com~p_demo_test~ui~wd.ear with compression
     [timer] JarSAP finished in 0.059 seconds
 
 
build:
 
Ant runtime 3.921 seconds
 
Ant build finished OK
MOIN forced shutdown initiated.
 
Build plugin finished at 2017-11-22 13:46:35 GMT+01:00 (CET)
Total build plugin runtime: 4.654 seconds
 
Build finished with WARNING

==== Post-Processing ====   started at 2017-11-22 13:46:35.288 CET
Comparison of previous and actual build results took: 0 seconds

Copy the build results 
  from: C:\NWDS74_SP17(for 12)\eclipse\workspace_REP_DEMO.jdi\LocalDevelopment\t2\D1CAA72A9EDE096B26E07595938A6A6B\default\
  to:   C:\NWDS74_SP17(for 12)\eclipse\workspace_REP_DEMO.jdi\LocalDevelopment\SC_DEMO_TEST\nobelbiocare.com\p_demo_test\ui\wd\_comp\gen\default\
