Development Component Build (2017-11-22 13:46:20 GMT+01:00 (CET))
  Component name: p_demo_test/bl/ejb
  Component vendor: nobelbiocare.com
  SC compartment: SC_DEMO_TEST
  Configuration: LocalDevelopment
  Location: localDevelopment
  Source code location: 3508452@BAR-LROMERODA
  DC root folder: C:\NWDS74_SP17(for 12)\eclipse\workspace_REP_DEMO.jdi\LocalDevelopment\SC_DEMO_TEST\nobelbiocare.com\p_demo_test\bl\ejb\_comp\
  DC type: J2EE
  DC subtype: EJBModule
  Host: BAR-LROMERODA

DC Model check:
   DC is available locally
   validating dependency to build plugin "sap.com/tc/bi/bp/ejbmodule"
   validating dependency to used DC "nobelbiocare.com/p_demo_test/infra/sgc"
   validating dependency to  public part "mc" of DC "nobelbiocare.com/p_demo_test/infra/sgc"
   validating dependency to  public part "def" of DC "sap.com/bie/sca/scdl/contributors/ejb"
   validating dependency to  public part "def" of DC "sap.com/bie/sca/scdl/contributors/mc"
   validating dependency to  public part "def" of DC "sap.com/bie/sca/scdl/contributors/sa"
   validating dependency to  public part "def" of DC "sap.com/bie/sca/scdl/gen"
   validating dependency to  public part "def" of DC "sap.com/bie/sca/scdl/gen/mc"
   validating dependency to  public part "def" of DC "sap.com/bie/sca/scdl/gen/util"
   validating dependency to  public part "def" of DC "sap.com/bie/sca/scdl/gen/xlf2prop"
   validating dependency to  public part "api" of DC "sap.com/engine.jee5.facade"
   validating dependency to  public part "MM_Inf" of DC "sap.com/ide/es/config/mc/model/bi"
   validating dependency to  public part "def" of DC "sap.com/tc/bi/wstech"
   validating dependency to  public part "MM_Inf" of DC "sap.com/tc/moin/bi/model/textverticalization"
   validating dependency to  public part "def" of DC "sap.com/tc/moin/bi/moinext"
   validating dependency to  public part "libinf" of DC "sap.com/tc/moin/bi/moinlibs"
   DC model check OK

Start build plugin:
   using build plugin: sap.com/tc/bi/bp/ejbmodule
   starting build plugin from : C:\NWDS74_SP17(for 12)\eclipse\workspace_REP_DEMO.jdi\LocalDevelopment\SAP_BUILDT\sap.com\tc\bi\bp\ejbmodule\_comp\gen\default\public\ejb\



Build Plugin 'EJBModulePlugin', Version 7.30 SP 17 (NW731CORE_17_REL, built on 2015-09-16 20:52:54 +0200, CL209430)
   development component:  p_demo_test/bl/ejb (nobelbiocare.com)
      software component:  SC_DEMO_TEST (nobelbiocare.com)
       support component:  Default
                location:  localDevelopment
                    type:  J2EE, subtype EJBModule
           build variant:  default
         source location:  3508452@BAR-LROMERODA
         output location:  C:\NWDS74_SP17(for 12)\eclipse\workspace_REP_DEMO.jdi\LocalDevelopment\t2\CACA7B5637D314D7F7F3FFB39F6BD0E6\default
       generation folder:  C:\NWDS74_SP17(for 12)\eclipse\workspace_REP_DEMO.jdi\LocalDevelopment\t\CACA7B5637D314D7F7F3FFB39F6BD0E6
       plugin start time:  2017-11-22 13:46:20 GMT+01:00 (CET)
                 Java VM:  Java HotSpot(TM) Client VM, 20.13-b02 (1.6, Sun Microsystems Inc.)


General options:
  convert *.xlf to *.properties: yes
  include sources for debugging: yes
 


Package folder ".apt_generated" exists but is empty and will be ignored.
Source folder "mc" exists but is empty and will be ignored.
Checking path lengths for sources
Path length checks finished in 0 seconds
 
Preparing data context..
Using custom manifest file "ejbModule/META-INF/MANIFEST.MF"
Data context preparation finished in 0.013 seconds
 
Creating Ant build file..
  Creating output file: C:\NWDS74_SP17(for 12)\eclipse\workspace_REP_DEMO.jdi\LocalDevelopment\t2\CACA7B5637D314D7F7F3FFB39F6BD0E6\default\logs\build.xml
  Using Java class:     com.sap.tc.buildplugin.BuildEJBModule
MoinInit generator started.
Metamodels found.
Output folder found.
Build file creation finished in 0.047 seconds
 
Starting Ant..
  Using build file:     C:\NWDS74_SP17(for 12)\eclipse\workspace_REP_DEMO.jdi\LocalDevelopment\t2\CACA7B5637D314D7F7F3FFB39F6BD0E6\default\logs\build.xml
  Using build target:   build
  Using Ant version:    1.7.1
 
compile:
      [echo] Starting Java compiler using the current JVM
      [echo] Settings:
      [echo]         debug: on
      [echo]      optimize: off
      [echo]   deprecation: default
      [echo]       verbose: default
      [echo]      encoding: UTF-8
      [echo]        source: default
      [echo]        target: default
      [echo]   source path: C:\NWDS74_SP17(for 12)\eclipse\workspace_REP_DEMO.jdi\LocalDevelopment\SC_DEMO_TEST\nobelbiocare.com\p_demo_test\bl\ejb\_comp\ejbModule
      [echo]    class path:
      [echo]       C:\NWDS74_SP17(for 12)\eclipse\workspace_REP_DEMO.jdi\LocalDevelopment\ENGFACADE\sap.com\engine.jee5.facade\_comp\gen\default\public\api\lib\java\ec~java~jsf~api.jar
      [echo]       C:\NWDS74_SP17(for 12)\eclipse\workspace_REP_DEMO.jdi\LocalDevelopment\ENGFACADE\sap.com\engine.jee5.facade\_comp\gen\default\public\api\lib\java\engine.jee5.facade.jar
      [echo]       C:\NWDS74_SP17(for 12)\eclipse\workspace_REP_DEMO.jdi\LocalDevelopment\ENGFACADE\sap.com\engine.jee5.facade\_comp\gen\default\public\api\lib\java\orpersistence_client_lib_filtered.jar
      [echo]    output dir: C:\NWDS74_SP17(for 12)\eclipse\workspace_REP_DEMO.jdi\LocalDevelopment\t\CACA7B5637D314D7F7F3FFB39F6BD0E6\classes
     [timer] Java compilation finished in 0.001 seconds
 
      [echo] Start XLF conversion
  [xlf2prop] Found 0 XLF files to convert in folder "ejbModule"
     [timer] XLF conversion finished in 0.001 seconds
 
 
Xlf2PropBase:
      [echo] Start XLF conversion
  [xlf2prop] Found 0 XLF files to convert in folder "mc"
     [timer] XLF conversion finished in 0 seconds
 
 
ScdlBase:
  [MOINInit] Meta models found.
  [MOINInit] Referenced meta-model: C:\NWDS74_SP17(for 12)\eclipse\workspace_REP_DEMO.jdi\LocalDevelopment\ESCONF_BUILDT\sap.com\ide\es\config\mc\model\bi\_comp\gen\default\public\MM_Inf\lib\moin\sap.com~ide~es~config~mc~model_xmi.zip
  [MOINInit] Referenced meta-model: C:\NWDS74_SP17(for 12)\eclipse\workspace_REP_DEMO.jdi\LocalDevelopment\MOIN_BUILDT\sap.com\tc\moin\bi\model\textverticalization\_comp\gen\default\public\MM_Inf\lib\moin\sap.com~tc~moin~model~textverticalization_xmi.zip
  [MOINInit] DataArea name: DefaultDataArea
  [MOINInit] Moin initialized in 70 milliseconds.
      [echo] Registering folder: gensrc/extcfg for path: C:\NWDS74_SP17(for 12)\eclipse\workspace_REP_DEMO.jdi\LocalDevelopment\t\CACA7B5637D314D7F7F3FFB39F6BD0E6\gensrc\extcfg/
      [echo] Starting Extension Configuration generator...
  [gen_scdl] 		[SCDL_GEN] Initializing Scdl Generation...
  [gen_scdl] 		[SCDL_GEN] Initialization successfully completed.
  [gen_scdl] 		[SCDL_GEN] Starting retrieval of information from contributors...
  [gen_scdl] 		[SCDL_GEN] Information retrieval from contributors successfully completed!
  [gen_scdl] 		[SCDL_GEN] Starting composite export to SCDL...
  [gen_scdl] 			[SCDL-EXPORT] Scdl file output location: C:\NWDS74_SP17(for 12)\eclipse\workspace_REP_DEMO.jdi\LocalDevelopment\t\CACA7B5637D314D7F7F3FFB39F6BD0E6/scdl_output\META-INF\p_demo_test~bl~ejb.composite
  [gen_scdl] 			[SCDL-EXPORT] sca contribution XML output location: C:\NWDS74_SP17(for 12)\eclipse\workspace_REP_DEMO.jdi\LocalDevelopment\t\CACA7B5637D314D7F7F3FFB39F6BD0E6/scdl_output\META-INF\sca-contribution.xml
  [gen_scdl] 		[SCDL_GEN] Conversion successfully completed!
     [timer] Extension Configuration generator finished in 0.056 seconds
 
[MOINShutdown] About to shutdown MOIN...
[MOINShutdown] MOIN shut down in 51 milliseconds.
 
createPublicParts:
  [pppacker] Packing public part 'client'
  [pppacker] Nothing packed for public part 'client'
     [timer] Packing of public part 'client' finished in 0.037 seconds
 
  [pppacker] Packing public part 'ejbjar'
  [pppacker] Packed   2 files for entity p_demo_test/bl/ejb (Composite Entity)
  [pppacker] Packed   2 files for entity nobelbiocare.com~p_demo_test~bl~ejb (EJB-JAR)
  [pppacker] Packed   0 files for entity p_demo_test/bl/ejb (Xlf2Prop Entity)
  [pppacker] Packed 3 entities for public part 'ejbjar'
     [timer] Packing of public part 'ejbjar' finished in 0.045 seconds
 
 
build:
 
Ant runtime 0.281 seconds
 
Ant build finished OK
MOIN forced shutdown initiated.
 
Build plugin finished at 2017-11-22 13:46:20 GMT+01:00 (CET)
Total build plugin runtime: 0.618 seconds
 
Build finished with WARNING

==== Post-Processing ====   started at 2017-11-22 13:46:20.921 CET
Comparison of previous and actual build results took: 0.012 seconds

Copy the build results 
  from: C:\NWDS74_SP17(for 12)\eclipse\workspace_REP_DEMO.jdi\LocalDevelopment\t2\CACA7B5637D314D7F7F3FFB39F6BD0E6\default\
  to:   C:\NWDS74_SP17(for 12)\eclipse\workspace_REP_DEMO.jdi\LocalDevelopment\SC_DEMO_TEST\nobelbiocare.com\p_demo_test\bl\ejb\_comp\gen\default\

The build results of the following public parts were not copied, since they have not changed:
  client